2023-08-06 08:54:36.132379 - Initialized conversion of CBT990
2023-08-06 08:54:36.753043 - Received CBT.V505.FILE990.PDS from FILE990.XMI 
2023-08-06 08:54:36.755463 - Found $$$#DATE.txt (text/plain) in CBT.V505.FILE990.PDS, moved to PDS/$$$#DATE
2023-08-06 08:54:36.756461 - Found $$$VER.txt (text/plain) in CBT.V505.FILE990.PDS, moved to PDS/$$$VER
2023-08-06 08:54:36.757695 - Found $$README.txt (text/plain) in CBT.V505.FILE990.PDS, moved to PDS/$$README
2023-08-06 08:54:36.758722 - Found $$XMIT.txt (text/plain) in CBT.V505.FILE990.PDS, moved to PDS/$$XMIT
2023-08-06 08:54:36.759643 - Found $DEVCPY.rexx (text/plain) in CBT.V505.FILE990.PDS, moved to PDS/$DEVCPY
2023-08-06 08:54:36.760596 - Found $DEVCPYP.txt (text/plain) in CBT.V505.FILE990.PDS, moved to PDS/$DEVCPYP
2023-08-06 08:54:36.761665 - Found $DEVISPF.rexx (text/plain) in CBT.V505.FILE990.PDS, moved to PDS/$DEVISPF
2023-08-06 08:54:36.762638 - Found $DEVPH.txt (text/plain) in CBT.V505.FILE990.PDS, moved to PDS/$DEVPH
2023-08-06 08:54:36.763589 - Found $DEVPP.txt (text/plain) in CBT.V505.FILE990.PDS, moved to PDS/$DEVPP
2023-08-06 08:54:36.764501 - Found $DEVPX.txt (text/plain) in CBT.V505.FILE990.PDS, moved to PDS/$DEVPX
2023-08-06 08:54:36.804279 - Found #RXFORM.xmi (application/xmit) in CBT.V505.FILE990.PDS
2023-08-06 08:54:36.811897   - Received to CBT990/REXXFORM.PDS
2023-08-06 08:54:36.845090 - Found #TRYIT.xmi (application/xmit) in CBT.V505.FILE990.PDS
2023-08-06 08:54:36.852903   - Received to CBT990/TRYIT.PDS
2023-08-06 08:54:36.853981 - Found @FILE990.txt (text/plain) in CBT.V505.FILE990.PDS, moved to PDS/@FILE990
2023-08-06 08:54:36.854978 - Found CMT.rexx (text/plain) in CBT.V505.FILE990.PDS, moved to PDS/CMT
2023-08-06 08:54:36.856825 - De-xmi-ed DEVTIPS# to CBT990/docs/DEVTIPS#.pdf
2023-08-06 08:54:36.856902 - Found DEVTIPS@.zip (application/zip), trying to unzip
2023-08-06 08:54:36.856974   - File is not a zip file, kept as member
2023-08-06 08:54:36.858774 - Found JCBAT1.jcl (text/plain) in CBT.V505.FILE990.PDS, moved to PDS/JCBAT1
2023-08-06 08:54:36.859652 - Found JCBAT2.jcl (text/plain) in CBT.V505.FILE990.PDS, moved to PDS/JCBAT2
2023-08-06 08:54:36.860469 - Found LOADISPF.rexx (text/plain) in CBT.V505.FILE990.PDS, moved to PDS/LOADISPF
2023-08-06 08:54:36.861425 - Found PNABC.txt (text/plain) in CBT.V505.FILE990.PDS, moved to PDS/PNABC
2023-08-06 08:54:36.862314 - Found PNAREA.txt (text/plain) in CBT.V505.FILE990.PDS, moved to PDS/PNAREA
2023-08-06 08:54:36.863201 - Found PNDYN.txt (text/plain) in CBT.V505.FILE990.PDS, moved to PDS/PNDYN
2023-08-06 08:54:36.864017 - Found PNDYNTBL.txt (text/plain) in CBT.V505.FILE990.PDS, moved to PDS/PNDYNTBL
2023-08-06 08:54:36.864804 - Found PNDYNTP.txt (text/plain) in CBT.V505.FILE990.PDS, moved to PDS/PNDYNTP
2023-08-06 08:54:36.864812 - Found PNEDITHL.bin containing application/octet-stream, moved to PDS/PNEDITHL
2023-08-06 08:54:36.866692 - Found PNFLDH.txt (text/plain) in CBT.V505.FILE990.PDS, moved to PDS/PNFLDH
2023-08-06 08:54:36.867526 - Found PNFLDH1.txt (text/plain) in CBT.V505.FILE990.PDS, moved to PDS/PNFLDH1
2023-08-06 08:54:36.868330 - Found PNFLDH2.txt (text/plain) in CBT.V505.FILE990.PDS, moved to PDS/PNFLDH2
2023-08-06 08:54:36.869168 - Found PNNUMC.txt (text/plain) in CBT.V505.FILE990.PDS, moved to PDS/PNNUMC
2023-08-06 08:54:36.870087 - Found PNPNS.txt (text/plain) in CBT.V505.FILE990.PDS, moved to PDS/PNPNS
2023-08-06 08:54:36.871101 - Found PNPOP.txt (text/plain) in CBT.V505.FILE990.PDS, moved to PDS/PNPOP
2023-08-06 08:54:36.871929 - Found PNPOPV.txt (text/plain) in CBT.V505.FILE990.PDS, moved to PDS/PNPOPV
2023-08-06 08:54:36.872738 - Found PNPREXX.txt (text/plain) in CBT.V505.FILE990.PDS, moved to PDS/PNPREXX
2023-08-06 08:54:36.873741 - Found PNPROG1.txt (text/plain) in CBT.V505.FILE990.PDS, moved to PDS/PNPROG1
2023-08-06 08:54:36.874652 - Found PNPROG2.txt (text/plain) in CBT.V505.FILE990.PDS, moved to PDS/PNPROG2
2023-08-06 08:54:36.875546 - Found PNSCRL.txt (text/plain) in CBT.V505.FILE990.PDS, moved to PDS/PNSCRL
2023-08-06 08:54:36.876362 - Found PNTAB.txt (text/plain) in CBT.V505.FILE990.PDS, moved to PDS/PNTAB
2023-08-06 08:54:36.877235 - Found PNVDSN.txt (text/plain) in CBT.V505.FILE990.PDS, moved to PDS/PNVDSN
2023-08-06 08:54:36.878196 - Found PNWJTBD2.txt (text/plain) in CBT.V505.FILE990.PDS, moved to PDS/PNWJTBD2
2023-08-06 08:54:36.879024 - Found PNWJTBD3.txt (text/plain) in CBT.V505.FILE990.PDS, moved to PDS/PNWJTBD3
2023-08-06 08:54:36.879811 - Found PNWJTBD4.txt (text/plain) in CBT.V505.FILE990.PDS, moved to PDS/PNWJTBD4
2023-08-06 08:54:36.880611 - Found PNWJTBL4.txt (text/plain) in CBT.V505.FILE990.PDS, moved to PDS/PNWJTBL4
2023-08-06 08:54:36.881552 - Found RXABC.rexx (text/plain) in CBT.V505.FILE990.PDS, moved to PDS/RXABC
2023-08-06 08:54:36.882478 - Found RXAREA.rexx (text/plain) in CBT.V505.FILE990.PDS, moved to PDS/RXAREA
2023-08-06 08:54:36.883343 - Found RXCENTER.rexx (text/plain) in CBT.V505.FILE990.PDS, moved to PDS/RXCENTER
2023-08-06 08:54:36.884121 - Found RXCMDS.rexx (text/plain) in CBT.V505.FILE990.PDS, moved to PDS/RXCMDS
2023-08-06 08:54:36.884903 - Found RXCOMMA.rexx (text/plain) in CBT.V505.FILE990.PDS, moved to PDS/RXCOMMA
2023-08-06 08:54:36.885894 - Found RXDOALL.rexx (text/plain) in CBT.V505.FILE990.PDS, moved to PDS/RXDOALL
2023-08-06 08:54:36.886736 - Found RXDYN.rexx (text/plain) in CBT.V505.FILE990.PDS, moved to PDS/RXDYN
2023-08-06 08:54:36.887535 - Found RXDYNTBL.rexx (text/plain) in CBT.V505.FILE990.PDS, moved to PDS/RXDYNTBL
2023-08-06 08:54:36.888308 - Found RXEDITHL.rexx (text/plain) in CBT.V505.FILE990.PDS, moved to PDS/RXEDITHL
2023-08-06 08:54:36.889128 - Found RXEM.rexx (text/plain) in CBT.V505.FILE990.PDS, moved to PDS/RXEM
2023-08-06 08:54:36.890047 - Found RXEMAC.rexx (text/plain) in CBT.V505.FILE990.PDS, moved to PDS/RXEMAC
2023-08-06 08:54:36.890874 - Found RXEMACE.rexx (text/plain) in CBT.V505.FILE990.PDS, moved to PDS/RXEMACE
2023-08-06 08:54:36.891800 - Found RXEME.rexx (text/plain) in CBT.V505.FILE990.PDS, moved to PDS/RXEME
2023-08-06 08:54:36.892592 - Found RXEMS.rexx (text/plain) in CBT.V505.FILE990.PDS, moved to PDS/RXEMS
2023-08-06 08:54:36.893382 - Found RXEMTRY.rexx (text/plain) in CBT.V505.FILE990.PDS, moved to PDS/RXEMTRY
2023-08-06 08:54:36.894289 - Found RXFLD.rexx (text/plain) in CBT.V505.FILE990.PDS, moved to PDS/RXFLD
2023-08-06 08:54:36.895237 - Found RXISPTBL.rexx (text/plain) in CBT.V505.FILE990.PDS, moved to PDS/RXISPTBL
2023-08-06 08:54:36.896047 - Found RXIVAR.rexx (text/plain) in CBT.V505.FILE990.PDS, moved to PDS/RXIVAR
2023-08-06 08:54:36.896839 - Found RXLISPF.rexx (text/plain) in CBT.V505.FILE990.PDS, moved to PDS/RXLISPF
2023-08-06 08:54:36.897824 - Found RXLMD.rexx (text/plain) in CBT.V505.FILE990.PDS, moved to PDS/RXLMD
2023-08-06 08:54:36.898830 - Found RXLMM.rexx (text/plain) in CBT.V505.FILE990.PDS, moved to PDS/RXLMM
2023-08-06 08:54:36.899685 - Found RXMEDHL.rexx (text/plain) in CBT.V505.FILE990.PDS, moved to PDS/RXMEDHL
2023-08-06 08:54:36.900502 - Found RXMSG.rexx (text/plain) in CBT.V505.FILE990.PDS, moved to PDS/RXMSG
2023-08-06 08:54:36.901466 - Found RXNOTEPD.rexx (text/plain) in CBT.V505.FILE990.PDS, moved to PDS/RXNOTEPD
2023-08-06 08:54:36.902402 - Found RXNUMC.rexx (text/plain) in CBT.V505.FILE990.PDS, moved to PDS/RXNUMC
2023-08-06 08:54:36.903327 - Found RXNUMCE.txt (text/plain) in CBT.V505.FILE990.PDS, moved to PDS/RXNUMCE
2023-08-06 08:54:36.904153 - Found RXPNS.rexx (text/plain) in CBT.V505.FILE990.PDS, moved to PDS/RXPNS
2023-08-06 08:54:36.904998 - Found RXPNSL.rexx (text/plain) in CBT.V505.FILE990.PDS, moved to PDS/RXPNSL
2023-08-06 08:54:36.905920 - Found RXPOP.rexx (text/plain) in CBT.V505.FILE990.PDS, moved to PDS/RXPOP
2023-08-06 08:54:36.906839 - Found RXPOPDO.rexx (text/plain) in CBT.V505.FILE990.PDS, moved to PDS/RXPOPDO
2023-08-06 08:54:36.907794 - Found RXPOPKEY.rexx (text/plain) in CBT.V505.FILE990.PDS, moved to PDS/RXPOPKEY
2023-08-06 08:54:36.908737 - Found RXPOPM.rexx (text/plain) in CBT.V505.FILE990.PDS, moved to PDS/RXPOPM
2023-08-06 08:54:36.909641 - Found RXPREXX.rexx (text/plain) in CBT.V505.FILE990.PDS, moved to PDS/RXPREXX
2023-08-06 08:54:36.910534 - Found RXPROG1.rexx (text/plain) in CBT.V505.FILE990.PDS, moved to PDS/RXPROG1
2023-08-06 08:54:36.911363 - Found RXPROG2.rexx (text/plain) in CBT.V505.FILE990.PDS, moved to PDS/RXPROG2
2023-08-06 08:54:36.912244 - Found RXRAND.rexx (text/plain) in CBT.V505.FILE990.PDS, moved to PDS/RXRAND
2023-08-06 08:54:36.913201 - Found RXRVAR.rexx (text/plain) in CBT.V505.FILE990.PDS, moved to PDS/RXRVAR
2023-08-06 08:54:36.914103 - Found RXSCRL.rexx (text/plain) in CBT.V505.FILE990.PDS, moved to PDS/RXSCRL
2023-08-06 08:54:36.915001 - Found RXSHRVAR.rexx (text/plain) in CBT.V505.FILE990.PDS, moved to PDS/RXSHRVAR
2023-08-06 08:54:36.915913 - Found RXSKLCMD.rexx (text/plain) in CBT.V505.FILE990.PDS, moved to PDS/RXSKLCMD
2023-08-06 08:54:36.916869 - Found RXSKLRX.rexx (text/plain) in CBT.V505.FILE990.PDS, moved to PDS/RXSKLRX
2023-08-06 08:54:36.918016 - Found RXSKLRXE.rexx (text/plain) in CBT.V505.FILE990.PDS, moved to PDS/RXSKLRXE
2023-08-06 08:54:36.918906 - Found RXSKLRXV.rexx (text/plain) in CBT.V505.FILE990.PDS, moved to PDS/RXSKLRXV
2023-08-06 08:54:36.919737 - Found RXSTEM.rexx (text/plain) in CBT.V505.FILE990.PDS, moved to PDS/RXSTEM
2023-08-06 08:54:36.920579 - Found RXSTEME.rexx (text/plain) in CBT.V505.FILE990.PDS, moved to PDS/RXSTEME
2023-08-06 08:54:36.921505 - Found RXSTEMS.rexx (text/plain) in CBT.V505.FILE990.PDS, moved to PDS/RXSTEMS
2023-08-06 08:54:36.922486 - Found RXTAB.rexx (text/plain) in CBT.V505.FILE990.PDS, moved to PDS/RXTAB
2023-08-06 08:54:36.923358 - Found RXTABLE.rexx (text/plain) in CBT.V505.FILE990.PDS, moved to PDS/RXTABLE
2023-08-06 08:54:36.924315 - Found RXTM.rexx (text/plain) in CBT.V505.FILE990.PDS, moved to PDS/RXTM
2023-08-06 08:54:36.925201 - Found RXTSOMAC.txt (text/plain) in CBT.V505.FILE990.PDS, moved to PDS/RXTSOMAC
2023-08-06 08:54:36.926128 - Found RXVDSN.rexx (text/plain) in CBT.V505.FILE990.PDS, moved to PDS/RXVDSN
2023-08-06 08:54:36.927056 - Found RXWJTBD0.rexx (text/plain) in CBT.V505.FILE990.PDS, moved to PDS/RXWJTBD0
2023-08-06 08:54:36.927981 - Found RXWJTBD2.rexx (text/plain) in CBT.V505.FILE990.PDS, moved to PDS/RXWJTBD2
2023-08-06 08:54:36.929011 - Found RXWJTBD3.rexx (text/plain) in CBT.V505.FILE990.PDS, moved to PDS/RXWJTBD3
2023-08-06 08:54:36.929966 - Found RXWJTBD4.rexx (text/plain) in CBT.V505.FILE990.PDS, moved to PDS/RXWJTBD4
2023-08-06 08:54:36.930896 - Found SAMPGIT.txt (text/plain) in CBT.V505.FILE990.PDS, moved to PDS/SAMPGIT
2023-08-06 08:54:36.931856 - Found SKCMDS.txt (text/plain) in CBT.V505.FILE990.PDS, moved to PDS/SKCMDS
2023-08-06 08:54:36.932774 - Found SKREXX.txt (text/plain) in CBT.V505.FILE990.PDS, moved to PDS/SKREXX
2023-08-06 08:54:36.933694 - Found SKREXXE.txt (text/plain) in CBT.V505.FILE990.PDS, moved to PDS/SKREXXE
2023-08-06 08:54:36.934676 - Found SKREXXV.txt (text/plain) in CBT.V505.FILE990.PDS, moved to PDS/SKREXXV
2023-08-06 08:54:36.935670 - Found XISPTBL.rexx (text/plain) in CBT.V505.FILE990.PDS, moved to PDS/XISPTBL
